<?xml version="1.0" encoding="UTF-8"?>
<!-- Generated by org.testng.reporters.JUnitReportReporter -->
<testsuite hostname="PureBook-S14" failures="0" tests="1" name="ExtentReports.UsingExtentReports" time="17.881" errors="0" timestamp="2025-04-14T15:14:03 IST" skipped="0">
  <testcase classname="ExtentReports.UsingExtentReports" name="demo" time="17.881"/>
</testsuite> <!-- ExtentReports.UsingExtentReports -->
