<?xml version="1.0" encoding="UTF-8"?>
<!-- Generated by org.testng.reporters.JUnitReportReporter -->
<testsuite hostname="PureBook-S14" failures="0" tests="3" name="Organization.createOrganizationScenarios" time="52.221" errors="0" timestamp="2025-04-16T15:38:52 IST" skipped="0">
  <testcase classname="Organization.createOrganizationScenarios" name="createorgaWithIndustry" time="13.315">
    <system-out>
      <![CDATA[createorgaWithIndustry--Started--
createorgaWithIndustry--Success--]]>
    </system-out>
  </testcase> <!-- createorgaWithIndustry -->
  <testcase classname="Organization.createOrganizationScenarios" name="createorganization" time="18.797">
    <system-out>
      <![CDATA[createorganization--Started--
createorganization--Success--]]>
    </system-out>
  </testcase> <!-- createorganization -->
  <testcase classname="Organization.createOrganizationScenarios" name="createorganizationwithphnno" time="20.109">
    <system-out>
      <![CDATA[createorganizationwithphnno--Started--
createorganizationwithphnno--Success--]]>
    </system-out>
  </testcase> <!-- createorganizationwithphnno -->
  <system-out>
    <![CDATA[Report configuration
Configure the DB:Connect
BT:Parallel Exe
Launch the browser
Login to the appln
createorgaWithIndustry--Started--
createorgaWithIndustry--Success--
Logout to the appln
Login to the appln
createorganization--Started--
createorganization--Success--
Logout to the appln
Login to the appln
createorganizationwithphnno--Started--
createorganizationwithphnno--Success--
Logout to the appln
close the browser
AT:Parallel Exe
Close the DB Connection]]>
  </system-out>
</testsuite> <!-- Organization.createOrganizationScenarios -->
