<?xml version="1.0" encoding="UTF-8"?>
<!-- Generated by org.testng.reporters.JUnitReportReporter -->
<testsuite hostname="PureBook-S14" failures="0" tests="1" name="Contacts.createContactwithExcel" time="0.836" errors="0" timestamp="2025-03-21T14:01:46 IST" skipped="0">
  <testcase classname="Contacts.createContactwithExcel" name="FetchDataFromExcel" time="0.836"/>
</testsuite> <!-- Contacts.createContactwithExcel -->
