<?xml version="1.0" encoding="UTF-8"?>
<!-- Generated by org.testng.reporters.JUnitReportReporter -->
<testsuite hostname="PureBook-S14" failures="0" tests="1" name="Leads.CreateLeadTest" time="31.256" errors="0" timestamp="2025-04-07T14:07:32 IST" skipped="0">
  <testcase classname="Leads.CreateLeadTest" name="createLead" time="31.256"/>
</testsuite> <!-- Leads.CreateLeadTest -->
