<?xml version="1.0" encoding="UTF-8"?>
<!-- Generated by org.testng.reporters.JUnitReportReporter -->
<testsuite hostname="PureBook-S14" failures="0" tests="1" name="Organization.createOrganizationWithIndustryAndType" time="30.917" errors="0" timestamp="2025-04-08T15:23:26 IST" skipped="0">
  <testcase classname="Organization.createOrganizationWithIndustryAndType" name="createorgaWithIndustry" time="30.917">
    <system-out>
      <![CDATA[Apparel: selected proper industry
Analyst : selecyted proper type]]>
    </system-out>
  </testcase> <!-- createorgaWithIndustry -->
  <system-out>
    <![CDATA[Configure the DB:Connect
BT:Parallel Exe
Launch the browser
Login to the appln
cat3899Test pass
Logout to the appln
close the browser
Launch the browser
Login to the appln
rat440Test pass
contact created with start date
Logout to the appln
close the browser
Launch the browser
Login to the appln
Apparel: selected proper industry
Analyst : selecyted proper type
Logout to the appln
close the browser
Launch the browser
Login to the appln
cat721Test pass
rat721Test pass
Logout to the appln
close the browser
Launch the browser
Login to the appln
rat858Test pass
9.87654321E8Test pass
Logout to the appln
close the browser
Launch the browser
Login to the appln
cat1294Test pass
Logout to the appln
close the browser
AT:Parallel Exe
Close the DB Connection]]>
  </system-out>
</testsuite> <!-- Organization.createOrganizationWithIndustryAndType -->
