<?xml version="1.0" encoding="UTF-8"?>
<!-- Generated by org.testng.reporters.JUnitReportReporter -->
<testsuite hostname="PureBook-S14" failures="0" tests="1" name="Contacts.CreateContactTest" time="32.273" errors="0" timestamp="2025-04-19T14:38:16 IST" skipped="0">
  <testcase classname="Contacts.CreateContactTest" name="CreateContact" time="32.273"/>
  <system-out>
    <![CDATA[Configure the DB:Connect
BT:Parallel Exe
Launch the browser
Login to the appln
Logout to the appln
close the browser
AT:Parallel Exe
Close the DB Connection]]>
  </system-out>
</testsuite> <!-- Contacts.CreateContactTest -->
