<?xml version="1.0" encoding="UTF-8"?>
<!-- Generated by org.testng.reporters.JUnitReportReporter -->
<testsuite hostname="PureBook-S14" failures="0" tests="3" name="Contacts.CreateContactScenarios" time="55.132" errors="0" timestamp="2025-04-16T15:35:01 IST" skipped="0">
  <testcase classname="Contacts.CreateContactScenarios" name="CreateContact" time="14.180">
    <system-out>
      <![CDATA[CreateContact--Started--
CreateContact--Success--]]>
    </system-out>
  </testcase> <!-- CreateContact -->
  <testcase classname="Contacts.CreateContactScenarios" name="CreateContactwithsupportdate" time="14.235">
    <system-out>
      <![CDATA[CreateContactwithsupportdate--Started--
CreateContactwithsupportdate--Success--]]>
    </system-out>
  </testcase> <!-- CreateContactwithsupportdate -->
  <testcase classname="Contacts.CreateContactScenarios" name="CreateContactwithorg" time="26.717">
    <system-out>
      <![CDATA[CreateContactwithorg--Started--
CreateContactwithorg--Success--]]>
    </system-out>
  </testcase> <!-- CreateContactwithorg -->
  <system-out>
    <![CDATA[Report configuration
Configure the DB:Connect
BT:Parallel Exe
Launch the browser
Login to the appln
CreateContact--Started--
CreateContact--Success--
Logout to the appln
Login to the appln
CreateContactwithorg--Started--
CreateContactwithorg--Success--
Logout to the appln
Login to the appln
CreateContactwithsupportdate--Started--
CreateContactwithsupportdate--Success--
Logout to the appln
close the browser
AT:Parallel Exe
Close the DB Connection]]>
  </system-out>
</testsuite> <!-- Contacts.CreateContactScenarios -->
