<?xml version="1.0" encoding="UTF-8"?>
<!-- Generated by org.testng.reporters.JUnitReportReporter -->
<testsuite hostname="PureBook-S14" failures="0" tests="1" name="Contacts.CreateContactScenariosTest" time="14.105" errors="0" timestamp="2025-04-21T14:37:40 IST" skipped="0">
  <testcase classname="Contacts.CreateContactScenariosTest" name="CreateContact" time="14.105">
    <system-out>
      <![CDATA[CreateContact--Started--
CreateContact--Success--]]>
    </system-out>
  </testcase> <!-- CreateContact -->
  <system-out>
    <![CDATA[Report configuration
Configure the DB:Connect
BT:Parallel Exe
Launch the browser
Login to the appln
createorganization--Started--
createorganization--Success--
Logout to the appln
close the browser
Launch the browser
Login to the appln
CreateContact--Started--
CreateContact--Success--
Logout to the appln
close the browser
AT:Parallel Exe
Close the DB Connection]]>
  </system-out>
</testsuite> <!-- Contacts.CreateContactScenariosTest -->
