<?xml version="1.0" encoding="UTF-8"?>
<!-- Generated by org.testng.reporters.JUnitReportReporter -->
<testsuite hostname="PureBook-S14" failures="0" tests="1" name="Organization.createOrganization" time="33.571" errors="0" timestamp="2025-04-11T15:11:48 IST" skipped="0">
  <testcase classname="Organization.createOrganization" name="createorganization" time="33.571"/>
  <system-out>
    <![CDATA[Configure the DB:Connect
BT:Parallel Exe
Launch the browser
Login to the appln
Logout to the appln
close the browser
AT:Parallel Exe
Close the DB Connection]]>
  </system-out>
</testsuite> <!-- Organization.createOrganization -->
